[0.024s] Invoking command in '/home/jetson/f1tenth/build/dwa_follower': CMAKE_PREFIX_PATH=/home/jetson/install/pickup_description:/home/jetson/install/mpc_python:/opt/ros/humble /usr/bin/cmake --build /home/jetson/f1tenth/build/dwa_follower -- -j6 -l6
[0.155s] [ 33%] [32mBuilding CXX object CMakeFiles/dwa_global_follower.dir/src/dwa_global_follower.cpp.o[0m
[0.156s] [ 33%] [32mBuilding CXX object CMakeFiles/dwa_follower_node.dir/src/dwa_follower.cpp.o[0m
[0.179s] [ 66%] Built target dwa_spline_follower
[7.109s] [01m[K/home/jetson/f1tenth/src/dwa_follower/src/dwa_global_follower.cpp:[m[K In member function â€˜[01m[Kvoid DwaGlobalFollower::pathCb(nav_msgs::msg::Path_<std::allocator<void> >::SharedPtr)[m[Kâ€™:
[7.109s] [01m[K/home/jetson/f1tenth/src/dwa_follower/src/dwa_global_follower.cpp:180:19:[m[K [01;31m[Kerror: [m[Kâ€˜[01m[Kconst _header_type[m[Kâ€™ {aka â€˜[01m[Kconst struct std_msgs::msg::Header_<std::allocator<void> >[m[Kâ€™} has no member named â€˜[01m[Kseq[m[Kâ€™
[7.110s]   180 |     if (ps.header.[01;31m[Kseq[m[K != 0) {
[7.110s]       |                   [01;31m[K^~~[m[K
[7.110s] [01m[K/home/jetson/f1tenth/src/dwa_follower/src/dwa_global_follower.cpp:181:48:[m[K [01;31m[Kerror: [m[Kâ€˜[01m[Kconst _header_type[m[Kâ€™ {aka â€˜[01m[Kconst struct std_msgs::msg::Header_<std::allocator<void> >[m[Kâ€™} has no member named â€˜[01m[Kseq[m[Kâ€™
[7.110s]   181 |       ordem = static_cast<long long>(ps.header.[01;31m[Kseq[m[K);
[7.111s]       |                                                [01;31m[K^~~[m[K
[7.139s] [01m[K/home/jetson/f1tenth/src/dwa_follower/src/dwa_global_follower.cpp:[m[K In member function â€˜[01m[Kstd::pair<double, double> DwaGlobalFollower::getLocalGoal() const[m[Kâ€™:
[7.139s] [01m[K/home/jetson/f1tenth/src/dwa_follower/src/dwa_global_follower.cpp:276:61:[m[K [01;36m[Knote: [m[Kparameter passing for argument of type â€˜[01m[Kstd::pair<double, double>[m[Kâ€™ when C++17 is enabled changed to match C++14 ]8;;https://gcc.gnu.org/gcc-10/changes.html#empty_basein GCC 10.1]8;;
[7.139s]   276 | std::pair<double, double> DwaGlobalFollower::getLocalGoal() [01;36m[Kconst[m[K {
[7.139s]       |                                                             [01;36m[K^~~~~[m[K
[22.797s] gmake[2]: *** [CMakeFiles/dwa_global_follower.dir/build.make:76: CMakeFiles/dwa_global_follower.dir/src/dwa_global_follower.cpp.o] Error 1
[22.797s] gmake[1]: *** [CMakeFiles/Makefile2:193: CMakeFiles/dwa_global_follower.dir/all] Error 2
[22.798s] gmake[1]: *** Waiting for unfinished jobs....
[35.990s] [ 83%] [32m[1mLinking CXX executable dwa_follower_node[0m
[38.044s] [ 83%] Built target dwa_follower_node
[38.046s] gmake: *** [Makefile:146: all] Error 2
[38.055s] Invoked command in '/home/jetson/f1tenth/build/dwa_follower' returned '2': CMAKE_PREFIX_PATH=/home/jetson/install/pickup_description:/home/jetson/install/mpc_python:/opt/ros/humble /usr/bin/cmake --build /home/jetson/f1tenth/build/dwa_follower -- -j6 -l6
