[0.041s] Invoking command in '/home/jetson/f1tenth/build/dwa_follower': CMAKE_PREFIX_PATH=${CMAKE_PREFIX_PATH}:/home/jetson/f1tenth/install/f1tenth_stack:/home/jetson/f1tenth/install/pickup_description:/home/jetson/f1tenth/install/mpc_python:/home/jetson/install/pickup_description:/home/jetson/install/mpc_python:/opt/ros/humble /usr/bin/cmake --build /home/jetson/f1tenth/build/dwa_follower -- -j6 -l6
[0.151s] [35m[1mConsolidate compiler generated dependencies of target dwa_follower_node[0m
[0.161s] [35m[1mConsolidate compiler generated dependencies of target dwa_global_follower[0m
[0.193s] [ 33%] Built target dwa_spline_follower
[0.211s] [ 66%] Built target dwa_follower_node
[0.217s] [ 83%] [32mBuilding CXX object CMakeFiles/dwa_global_follower.dir/src/dwa_global_follower.cpp.o[0m
[6.762s] [01m[K/home/jetson/f1tenth/src/dwa_follower/src/dwa_global_follower.cpp:[m[K In member function â€˜[01m[Kvoid DwaGlobalFollower::pathCb(nav_msgs::msg::Path_<std::allocator<void> >::SharedPtr)[m[Kâ€™:
[6.762s] [01m[K/home/jetson/f1tenth/src/dwa_follower/src/dwa_global_follower.cpp:199:19:[m[K [01;31m[Kerror: [m[Kâ€˜[01m[Kconst _header_type[m[Kâ€™ {aka â€˜[01m[Kconst struct std_msgs::msg::Header_<std::allocator<void> >[m[Kâ€™} has no member named â€˜[01m[Kseq[m[Kâ€™
[6.762s]   199 |     if (ps.header.[01;31m[Kseq[m[K != 0) {
[6.763s]       |                   [01;31m[K^~~[m[K
[6.763s] [01m[K/home/jetson/f1tenth/src/dwa_follower/src/dwa_global_follower.cpp:200:48:[m[K [01;31m[Kerror: [m[Kâ€˜[01m[Kconst _header_type[m[Kâ€™ {aka â€˜[01m[Kconst struct std_msgs::msg::Header_<std::allocator<void> >[m[Kâ€™} has no member named â€˜[01m[Kseq[m[Kâ€™
[6.764s]   200 |       ordem = static_cast<long long>(ps.header.[01;31m[Kseq[m[K);
[6.764s]       |                                                [01;31m[K^~~[m[K
[6.786s] [01m[K/home/jetson/f1tenth/src/dwa_follower/src/dwa_global_follower.cpp:[m[K In member function â€˜[01m[Kstd::pair<double, double> DwaGlobalFollower::getLocalGoal() const[m[Kâ€™:
[6.787s] [01m[K/home/jetson/f1tenth/src/dwa_follower/src/dwa_global_follower.cpp:295:61:[m[K [01;36m[Knote: [m[Kparameter passing for argument of type â€˜[01m[Kstd::pair<double, double>[m[Kâ€™ when C++17 is enabled changed to match C++14 ]8;;https://gcc.gnu.org/gcc-10/changes.html#empty_basein GCC 10.1]8;;
[6.788s]   295 | std::pair<double, double> DwaGlobalFollower::getLocalGoal() [01;36m[Kconst[m[K {
[6.788s]       |                                                             [01;36m[K^~~~~[m[K
[22.063s] gmake[2]: *** [CMakeFiles/dwa_global_follower.dir/build.make:76: CMakeFiles/dwa_global_follower.dir/src/dwa_global_follower.cpp.o] Error 1
[22.063s] gmake[1]: *** [CMakeFiles/Makefile2:193: CMakeFiles/dwa_global_follower.dir/all] Error 2
[22.064s] gmake: *** [Makefile:146: all] Error 2
[22.068s] Invoked command in '/home/jetson/f1tenth/build/dwa_follower' returned '2': CMAKE_PREFIX_PATH=${CMAKE_PREFIX_PATH}:/home/jetson/f1tenth/install/f1tenth_stack:/home/jetson/f1tenth/install/pickup_description:/home/jetson/f1tenth/install/mpc_python:/home/jetson/install/pickup_description:/home/jetson/install/mpc_python:/opt/ros/humble /usr/bin/cmake --build /home/jetson/f1tenth/build/dwa_follower -- -j6 -l6
